==========================================
SLURM_CLUSTER_NAME = param-shivay
SLURM_JOB_ACCOUNT = comp_sci_engg
SLURM_JOB_ID = 649131
SLURM_JOB_NAME = SISR_1
SLURM_JOB_NODELIST = gpu009
SLURM_JOB_USER = ssrivastava.cse18.iitbhu
SLURM_JOB_UID = 5516
SLURM_JOB_PARTITION = gpu
SLURM_TASK_PID = 6879
SLURM_SUBMIT_DIR = /scratch/ssrivastava.cse18.iitbhu/SAN/TrainCode/model
SLURM_CPUS_ON_NODE = 32
SLURM_NTASKS = 32
SLURM_TASK_PID = 6879
==========================================
/opt/ohpc/pub/cuda/cuda-9.0/bin/nvcc
nvcc: NVIDIA (R) Cuda compiler driver
Copyright (c) 2005-2017 NVIDIA Corporation
Built on Fri_Sep__1_21:08:03_CDT_2017
Cuda compilation tools, release 9.0, V9.0.176
Fri Jul 23 17:54:47 2021       
+-----------------------------------------------------------------------------+
| NVIDIA-SMI 418.67       Driver Version: 418.67       CUDA Version: ERR!     |
|-------------------------------+----------------------+----------------------+
| GPU  Name        Persistence-M| Bus-Id        Disp.A | Volatile Uncorr. ECC |
| Fan  Temp  Perf  Pwr:Usage/Cap|         Memory-Usage | GPU-Util  Compute M. |
|===============================+======================+======================|
|   0  Tesla V100-PCIE...  Off  | 00000000:5E:00.0 Off |                    0 |
| N/A   40C    P0    36W / 250W |      0MiB / 16130MiB |      5%      Default |
+-------------------------------+----------------------+----------------------+
                                                                               
+-----------------------------------------------------------------------------+
| Processes:                                                       GPU Memory |
|  GPU       PID   Type   Process name                             Usage      |
|=============================================================================|
|  No running processes found                                                 |
+-----------------------------------------------------------------------------+
Preparing seperated binary files
Making model...
Traceback (most recent call last):
  File "main.py", line 14, in <module>
    model = model.Model(args, checkpoint)
  File "/scratch/ssrivastava.cse18.iitbhu/SAN/TrainCode/model/__init__.py", line 27, in __init__
    self.model = module.make_model(args).to(self.device)
  File "/scratch/ssrivastava.cse18.iitbhu/ensr/lib/python2.7/site-packages/torch/nn/modules/module.py", line 381, in to
    return self._apply(convert)
  File "/scratch/ssrivastava.cse18.iitbhu/ensr/lib/python2.7/site-packages/torch/nn/modules/module.py", line 187, in _apply
    module._apply(fn)
  File "/scratch/ssrivastava.cse18.iitbhu/ensr/lib/python2.7/site-packages/torch/nn/modules/module.py", line 187, in _apply
    module._apply(fn)
  File "/scratch/ssrivastava.cse18.iitbhu/ensr/lib/python2.7/site-packages/torch/nn/modules/module.py", line 193, in _apply
    param.data = fn(param.data)
  File "/scratch/ssrivastava.cse18.iitbhu/ensr/lib/python2.7/site-packages/torch/nn/modules/module.py", line 379, in convert
    return t.to(device, dtype if t.is_floating_point() else None, non_blocking)
  File "/scratch/ssrivastava.cse18.iitbhu/ensr/lib/python2.7/site-packages/torch/cuda/__init__.py", line 161, in _lazy_init
    _check_driver()
  File "/scratch/ssrivastava.cse18.iitbhu/ensr/lib/python2.7/site-packages/torch/cuda/__init__.py", line 82, in _check_driver
    http://www.nvidia.com/Download/index.aspx""")
AssertionError: 
Found no NVIDIA driver on your system. Please check that you
have an NVIDIA GPU and installed a driver from
http://www.nvidia.com/Download/index.aspx
